<?xml version="1.0" encoding="UTF-8"?>
<!-- Generated by org.testng.reporters.JUnitXMLReporter -->
<testsuite hostname="developerpc-11" ignored="0" name="Central Inventory Account User Level" tests="9" failures="7" timestamp="2022-05-31T00:48:29 IST" time="197.801" errors="0">
  <testcase name="login" time="95.262" classname="epicList_Chrome_Account_User.AllClassCalling_Central_Inventory_Account_Level_User">
    <failure type="org.openqa.selenium.WebDriverException" message="element click intercepted: Element &amp;lt;button class=&amp;quot;btn btn-sm btn-primary&amp;quot; ng-click=&amp;quot;storeList()&amp;quot; ng-disabled=&amp;quot;waitForRes&amp;quot; style=&amp;quot;color:#fff;margin-top: -2px;padding: 6px 9px&amp;quot;&amp;gt;...&amp;lt;/button&amp;gt; is not clickable at point (1316, 98). Other element would receive the click: &amp;lt;div uib-modal-window=&amp;quot;modal-window&amp;quot; class=&amp;quot;modal fade ng-scope ng-isolate-scope in&amp;quot; role=&amp;quot;dialog&amp;quot; index=&amp;quot;0&amp;quot; animate=&amp;quot;animate&amp;quot; ng-style=&amp;quot;{&amp;apos;z-index&amp;apos;: 1050 + $$topModalIndex*10, display: &amp;apos;block&amp;apos;}&amp;quot; tabindex=&amp;quot;-1&amp;quot; uib-modal-animation-class=&amp;quot;fade&amp;quot; modal-in-class=&amp;quot;in&amp;quot; modal-animation=&amp;quot;true&amp;quot; style=&amp;quot;z-index: 1050; display: block;&amp;quot;&amp;gt;...&amp;lt;/div&amp;gt;
  (Session info: chrome=101.0.4951.67)
  (Driver info: chromedriver=100.0.4896.60 (6a5d10861ce8de5fce22564658033b43cb7de047-refs/branch-heads/4896@{#875}),platform=Windows NT 6.3.9600 x86_64) (WARNING: The server did not provide any stacktrace information)
Command duration or timeout: 1.06 seconds
Build info: version: &amp;apos;2.53.1&amp;apos;, revision: &amp;apos;a36b8b1cd5757287168e54b817830adce9b0158d&amp;apos;, time: &amp;apos;2016-06-30 19:26:09&amp;apos;
System info: host: &amp;apos;developerpc-11&amp;apos;, ip: &amp;apos;10.10.180.39&amp;apos;, os.name: &amp;apos;Windows 8.1&amp;apos;, os.arch: &amp;apos;amd64&amp;apos;, os.version: &amp;apos;6.3&amp;apos;, java.version: &amp;apos;1.8.0_172&amp;apos;
Driver info: org.openqa.selenium.chrome.ChromeDriver
Capabilities [{mobileEmulationEnabled=false, timeouts={implicit=0, pageLoad=300000, script=30000}, hasTouchScreen=false, platform=XP, acceptSslCerts=false, goog:chromeOptions={debuggerAddress=localhost:61102}, webauthn:extension:credBlob=true, acceptInsecureCerts=false, webStorageEnabled=true, browserName=chrome, takesScreenshot=true, javascriptEnabled=true, setWindowRect=true, webauthn:extension:largeBlob=true, unexpectedAlertBehaviour=ignore, rotatable=false, networkConnectionEnabled=false, chrome={chromedriverVersion=100.0.4896.60 (6a5d10861ce8de5fce22564658033b43cb7de047-refs/branch-heads/4896@{#875}), userDataDir=C:\Users\Swetha\AppData\Local\Temp\scoped_dir6972_1397339792}, takesHeapSnapshot=true, pageLoadStrategy=normal, strictFileInteractability=false, databaseEnabled=false, handlesAlerts=true, version=101.0.4951.67, browserConnectionEnabled=false, proxy={}, nativeEvents=true, locationContextEnabled=true, cssSelectorsEnabled=true, webauthn:virtualAuthenticators=true}]
Session ID: 85516f27118513e6fee772a2f1dbdb8f">
      <![CDATA[org.openqa.selenium.WebDriverException: element click intercepted: Element <button class="btn btn-sm btn-primary" ng-click="storeList()" ng-disabled="waitForRes" style="color:#fff;margin-top: -2px;padding: 6px 9px">...</button> is not clickable at point (1316, 98). Other element would receive the click: <div uib-modal-window="modal-window" class="modal fade ng-scope ng-isolate-scope in" role="dialog" index="0" animate="animate" ng-style="{'z-index': 1050 + $$topModalIndex*10, display: 'block'}" tabindex="-1" uib-modal-animation-class="fade" modal-in-class="in" modal-animation="true" style="z-index: 1050; display: block;">...</div>
  (Session info: chrome=101.0.4951.67)
  (Driver info: chromedriver=100.0.4896.60 (6a5d10861ce8de5fce22564658033b43cb7de047-refs/branch-heads/4896@{#875}),platform=Windows NT 6.3.9600 x86_64) (WARNING: The server did not provide any stacktrace information)
Command duration or timeout: 1.06 seconds
Build info: version: '2.53.1', revision: 'a36b8b1cd5757287168e54b817830adce9b0158d', time: '2016-06-30 19:26:09'
System info: host: 'developerpc-11', ip: '10.10.180.39', os.name: 'Windows 8.1', os.arch: 'amd64', os.version: '6.3', java.version: '1.8.0_172'
Driver info: org.openqa.selenium.chrome.ChromeDriver
Capabilities [{mobileEmulationEnabled=false, timeouts={implicit=0, pageLoad=300000, script=30000}, hasTouchScreen=false, platform=XP, acceptSslCerts=false, goog:chromeOptions={debuggerAddress=localhost:61102}, webauthn:extension:credBlob=true, acceptInsecureCerts=false, webStorageEnabled=true, browserName=chrome, takesScreenshot=true, javascriptEnabled=true, setWindowRect=true, webauthn:extension:largeBlob=true, unexpectedAlertBehaviour=ignore, rotatable=false, networkConnectionEnabled=false, chrome={chromedriverVersion=100.0.4896.60 (6a5d10861ce8de5fce22564658033b43cb7de047-refs/branch-heads/4896@{#875}), userDataDir=C:\Users\Swetha\AppData\Local\Temp\scoped_dir6972_1397339792}, takesHeapSnapshot=true, pageLoadStrategy=normal, strictFileInteractability=false, databaseEnabled=false, handlesAlerts=true, version=101.0.4951.67, browserConnectionEnabled=false, proxy={}, nativeEvents=true, locationContextEnabled=true, cssSelectorsEnabled=true, webauthn:virtualAuthenticators=true}]
Session ID: 85516f27118513e6fee772a2f1dbdb8f
at org.openqa.selenium.remote.ErrorHandler.createThrowable(ErrorHandler.java:206)
at org.openqa.selenium.remote.ErrorHandler.throwIfResponseFailed(ErrorHandler.java:158)
at org.openqa.selenium.remote.RemoteWebDriver.execute(RemoteWebDriver.java:678)
at org.openqa.selenium.remote.RemoteWebElement.execute(RemoteWebElement.java:327)
at org.openqa.selenium.remote.RemoteWebElement.click(RemoteWebElement.java:85)
at epicList_Chrome_Account_User.Browser_Account_Level_User.Linga_login(Browser_Account_Level_User.java:165)
at epicList_Chrome_Account_User.AllClassCalling_Central_Inventory_Account_Level_User.login(AllClassCalling_Central_Inventory_Account_Level_User.java:61)
at java.util.ArrayList.forEach(ArrayList.java:1257)
... Removed 30 stack frames]]>
    </failure>
  </testcase> <!-- login -->
  <testcase name="Start_Central_Inventory" time="0.001" classname="epicList_Chrome_Account_User.AllClassCalling_Central_Inventory_Account_Level_User"/>
  <testcase name="Central_Inventory_Central_WareHouse" time="12.11" classname="epicList_Chrome_Account_User.AllClassCalling_Central_Inventory_Account_Level_User">
    <failure type="org.openqa.selenium.WebDriverException" message="element click intercepted: Element &amp;lt;button href=&amp;quot;&amp;quot; class=&amp;quot;btn btn-sm btn-inverse ng-binding ng-scope&amp;quot; ng-disabled=&amp;quot;!loggedInUser.superAdmin&amp;quot; ng-if=&amp;quot;(!wareHouseFormStatus &amp;amp;amp;&amp;amp;amp; (loggedInUser.superAdmin || loggedInUser.createdAt == 1))&amp;quot; ng-click=&amp;quot;openCentralWareHouse(&amp;apos;&amp;apos;)&amp;quot; style=&amp;quot;cursor:pointer; margin-top: -2px;padding: 6px 9px&amp;quot;&amp;gt;...&amp;lt;/button&amp;gt; is not clickable at point (1227, 96). Other element would receive the click: &amp;lt;div uib-modal-window=&amp;quot;modal-window&amp;quot; class=&amp;quot;modal fade ng-scope ng-isolate-scope in&amp;quot; role=&amp;quot;dialog&amp;quot; index=&amp;quot;0&amp;quot; animate=&amp;quot;animate&amp;quot; ng-style=&amp;quot;{&amp;apos;z-index&amp;apos;: 1050 + $$topModalIndex*10, display: &amp;apos;block&amp;apos;}&amp;quot; tabindex=&amp;quot;-1&amp;quot; uib-modal-animation-class=&amp;quot;fade&amp;quot; modal-in-class=&amp;quot;in&amp;quot; modal-animation=&amp;quot;true&amp;quot; style=&amp;quot;z-index: 1050; display: block;&amp;quot;&amp;gt;...&amp;lt;/div&amp;gt;
  (Session info: chrome=101.0.4951.67)
  (Driver info: chromedriver=100.0.4896.60 (6a5d10861ce8de5fce22564658033b43cb7de047-refs/branch-heads/4896@{#875}),platform=Windows NT 6.3.9600 x86_64) (WARNING: The server did not provide any stacktrace information)
Command duration or timeout: 1.09 seconds
Build info: version: &amp;apos;2.53.1&amp;apos;, revision: &amp;apos;a36b8b1cd5757287168e54b817830adce9b0158d&amp;apos;, time: &amp;apos;2016-06-30 19:26:09&amp;apos;
System info: host: &amp;apos;developerpc-11&amp;apos;, ip: &amp;apos;10.10.180.39&amp;apos;, os.name: &amp;apos;Windows 8.1&amp;apos;, os.arch: &amp;apos;amd64&amp;apos;, os.version: &amp;apos;6.3&amp;apos;, java.version: &amp;apos;1.8.0_172&amp;apos;
Driver info: org.openqa.selenium.chrome.ChromeDriver
Capabilities [{mobileEmulationEnabled=false, timeouts={implicit=0, pageLoad=300000, script=30000}, hasTouchScreen=false, platform=XP, acceptSslCerts=false, goog:chromeOptions={debuggerAddress=localhost:61102}, webauthn:extension:credBlob=true, acceptInsecureCerts=false, webStorageEnabled=true, browserName=chrome, takesScreenshot=true, javascriptEnabled=true, setWindowRect=true, webauthn:extension:largeBlob=true, unexpectedAlertBehaviour=ignore, rotatable=false, networkConnectionEnabled=false, chrome={chromedriverVersion=100.0.4896.60 (6a5d10861ce8de5fce22564658033b43cb7de047-refs/branch-heads/4896@{#875}), userDataDir=C:\Users\Swetha\AppData\Local\Temp\scoped_dir6972_1397339792}, takesHeapSnapshot=true, pageLoadStrategy=normal, strictFileInteractability=false, databaseEnabled=false, handlesAlerts=true, version=101.0.4951.67, browserConnectionEnabled=false, proxy={}, nativeEvents=true, locationContextEnabled=true, cssSelectorsEnabled=true, webauthn:virtualAuthenticators=true}]
Session ID: 85516f27118513e6fee772a2f1dbdb8f">
      <![CDATA[org.openqa.selenium.WebDriverException: element click intercepted: Element <button href="" class="btn btn-sm btn-inverse ng-binding ng-scope" ng-disabled="!loggedInUser.superAdmin" ng-if="(!wareHouseFormStatus &amp;&amp; (loggedInUser.superAdmin || loggedInUser.createdAt == 1))" ng-click="openCentralWareHouse('')" style="cursor:pointer; margin-top: -2px;padding: 6px 9px">...</button> is not clickable at point (1227, 96). Other element would receive the click: <div uib-modal-window="modal-window" class="modal fade ng-scope ng-isolate-scope in" role="dialog" index="0" animate="animate" ng-style="{'z-index': 1050 + $$topModalIndex*10, display: 'block'}" tabindex="-1" uib-modal-animation-class="fade" modal-in-class="in" modal-animation="true" style="z-index: 1050; display: block;">...</div>
  (Session info: chrome=101.0.4951.67)
  (Driver info: chromedriver=100.0.4896.60 (6a5d10861ce8de5fce22564658033b43cb7de047-refs/branch-heads/4896@{#875}),platform=Windows NT 6.3.9600 x86_64) (WARNING: The server did not provide any stacktrace information)
Command duration or timeout: 1.09 seconds
Build info: version: '2.53.1', revision: 'a36b8b1cd5757287168e54b817830adce9b0158d', time: '2016-06-30 19:26:09'
System info: host: 'developerpc-11', ip: '10.10.180.39', os.name: 'Windows 8.1', os.arch: 'amd64', os.version: '6.3', java.version: '1.8.0_172'
Driver info: org.openqa.selenium.chrome.ChromeDriver
Capabilities [{mobileEmulationEnabled=false, timeouts={implicit=0, pageLoad=300000, script=30000}, hasTouchScreen=false, platform=XP, acceptSslCerts=false, goog:chromeOptions={debuggerAddress=localhost:61102}, webauthn:extension:credBlob=true, acceptInsecureCerts=false, webStorageEnabled=true, browserName=chrome, takesScreenshot=true, javascriptEnabled=true, setWindowRect=true, webauthn:extension:largeBlob=true, unexpectedAlertBehaviour=ignore, rotatable=false, networkConnectionEnabled=false, chrome={chromedriverVersion=100.0.4896.60 (6a5d10861ce8de5fce22564658033b43cb7de047-refs/branch-heads/4896@{#875}), userDataDir=C:\Users\Swetha\AppData\Local\Temp\scoped_dir6972_1397339792}, takesHeapSnapshot=true, pageLoadStrategy=normal, strictFileInteractability=false, databaseEnabled=false, handlesAlerts=true, version=101.0.4951.67, browserConnectionEnabled=false, proxy={}, nativeEvents=true, locationContextEnabled=true, cssSelectorsEnabled=true, webauthn:virtualAuthenticators=true}]
Session ID: 85516f27118513e6fee772a2f1dbdb8f
at org.openqa.selenium.remote.ErrorHandler.createThrowable(ErrorHandler.java:206)
at org.openqa.selenium.remote.ErrorHandler.throwIfResponseFailed(ErrorHandler.java:158)
at org.openqa.selenium.remote.RemoteWebDriver.execute(RemoteWebDriver.java:678)
at org.openqa.selenium.remote.RemoteWebElement.execute(RemoteWebElement.java:327)
at org.openqa.selenium.remote.RemoteWebElement.click(RemoteWebElement.java:85)
at epicList_Chrome_Account_User.Central_Inventory_Add_Edit_Central_WareHouse.Central_WareHouse_Creation(Central_Inventory_Add_Edit_Central_WareHouse.java:188)
at epicList_Chrome_Account_User.AllClassCalling_Central_Inventory_Account_Level_User.Central_Inventory_Central_WareHouse(AllClassCalling_Central_Inventory_Account_Level_User.java:83)
at java.util.ArrayList.forEach(ArrayList.java:1257)
... Removed 30 stack frames]]>
    </failure>
  </testcase> <!-- Central_Inventory_Central_WareHouse -->
  <testcase name="Central_Inventory_Central_Kitchen" time="15.008" classname="epicList_Chrome_Account_User.AllClassCalling_Central_Inventory_Account_Level_User">
    <failure type="org.openqa.selenium.WebDriverException" message="element click intercepted: Element &amp;lt;button class=&amp;quot;btn btn-sm btn-inverse ng-binding ng-scope&amp;quot; ng-disabled=&amp;quot;!loggedInUser.superAdmin&amp;quot; ng-if=&amp;quot;(!wareHouseFormStatus &amp;amp;amp;&amp;amp;amp; (loggedInUser.superAdmin || loggedInUser.createdAt == 1))&amp;quot; ng-click=&amp;quot;openCentralKitchen(&amp;apos;&amp;apos;)&amp;quot; style=&amp;quot;margin-top: -2px;padding: 6px 9px&amp;quot;&amp;gt;...&amp;lt;/button&amp;gt; is not clickable at point (1226, 96). Other element would receive the click: &amp;lt;div uib-modal-window=&amp;quot;modal-window&amp;quot; class=&amp;quot;modal fade ng-scope ng-isolate-scope in&amp;quot; role=&amp;quot;dialog&amp;quot; index=&amp;quot;0&amp;quot; animate=&amp;quot;animate&amp;quot; ng-style=&amp;quot;{&amp;apos;z-index&amp;apos;: 1050 + $$topModalIndex*10, display: &amp;apos;block&amp;apos;}&amp;quot; tabindex=&amp;quot;-1&amp;quot; uib-modal-animation-class=&amp;quot;fade&amp;quot; modal-in-class=&amp;quot;in&amp;quot; modal-animation=&amp;quot;true&amp;quot; style=&amp;quot;z-index: 1050; display: block;&amp;quot;&amp;gt;...&amp;lt;/div&amp;gt;
  (Session info: chrome=101.0.4951.67)
  (Driver info: chromedriver=100.0.4896.60 (6a5d10861ce8de5fce22564658033b43cb7de047-refs/branch-heads/4896@{#875}),platform=Windows NT 6.3.9600 x86_64) (WARNING: The server did not provide any stacktrace information)
Command duration or timeout: 1.08 seconds
Build info: version: &amp;apos;2.53.1&amp;apos;, revision: &amp;apos;a36b8b1cd5757287168e54b817830adce9b0158d&amp;apos;, time: &amp;apos;2016-06-30 19:26:09&amp;apos;
System info: host: &amp;apos;developerpc-11&amp;apos;, ip: &amp;apos;10.10.180.39&amp;apos;, os.name: &amp;apos;Windows 8.1&amp;apos;, os.arch: &amp;apos;amd64&amp;apos;, os.version: &amp;apos;6.3&amp;apos;, java.version: &amp;apos;1.8.0_172&amp;apos;
Driver info: org.openqa.selenium.chrome.ChromeDriver
Capabilities [{mobileEmulationEnabled=false, timeouts={implicit=0, pageLoad=300000, script=30000}, hasTouchScreen=false, platform=XP, acceptSslCerts=false, goog:chromeOptions={debuggerAddress=localhost:61102}, webauthn:extension:credBlob=true, acceptInsecureCerts=false, webStorageEnabled=true, browserName=chrome, takesScreenshot=true, javascriptEnabled=true, setWindowRect=true, webauthn:extension:largeBlob=true, unexpectedAlertBehaviour=ignore, rotatable=false, networkConnectionEnabled=false, chrome={chromedriverVersion=100.0.4896.60 (6a5d10861ce8de5fce22564658033b43cb7de047-refs/branch-heads/4896@{#875}), userDataDir=C:\Users\Swetha\AppData\Local\Temp\scoped_dir6972_1397339792}, takesHeapSnapshot=true, pageLoadStrategy=normal, strictFileInteractability=false, databaseEnabled=false, handlesAlerts=true, version=101.0.4951.67, browserConnectionEnabled=false, proxy={}, nativeEvents=true, locationContextEnabled=true, cssSelectorsEnabled=true, webauthn:virtualAuthenticators=true}]
Session ID: 85516f27118513e6fee772a2f1dbdb8f">
      <![CDATA[org.openqa.selenium.WebDriverException: element click intercepted: Element <button class="btn btn-sm btn-inverse ng-binding ng-scope" ng-disabled="!loggedInUser.superAdmin" ng-if="(!wareHouseFormStatus &amp;&amp; (loggedInUser.superAdmin || loggedInUser.createdAt == 1))" ng-click="openCentralKitchen('')" style="margin-top: -2px;padding: 6px 9px">...</button> is not clickable at point (1226, 96). Other element would receive the click: <div uib-modal-window="modal-window" class="modal fade ng-scope ng-isolate-scope in" role="dialog" index="0" animate="animate" ng-style="{'z-index': 1050 + $$topModalIndex*10, display: 'block'}" tabindex="-1" uib-modal-animation-class="fade" modal-in-class="in" modal-animation="true" style="z-index: 1050; display: block;">...</div>
  (Session info: chrome=101.0.4951.67)
  (Driver info: chromedriver=100.0.4896.60 (6a5d10861ce8de5fce22564658033b43cb7de047-refs/branch-heads/4896@{#875}),platform=Windows NT 6.3.9600 x86_64) (WARNING: The server did not provide any stacktrace information)
Command duration or timeout: 1.08 seconds
Build info: version: '2.53.1', revision: 'a36b8b1cd5757287168e54b817830adce9b0158d', time: '2016-06-30 19:26:09'
System info: host: 'developerpc-11', ip: '10.10.180.39', os.name: 'Windows 8.1', os.arch: 'amd64', os.version: '6.3', java.version: '1.8.0_172'
Driver info: org.openqa.selenium.chrome.ChromeDriver
Capabilities [{mobileEmulationEnabled=false, timeouts={implicit=0, pageLoad=300000, script=30000}, hasTouchScreen=false, platform=XP, acceptSslCerts=false, goog:chromeOptions={debuggerAddress=localhost:61102}, webauthn:extension:credBlob=true, acceptInsecureCerts=false, webStorageEnabled=true, browserName=chrome, takesScreenshot=true, javascriptEnabled=true, setWindowRect=true, webauthn:extension:largeBlob=true, unexpectedAlertBehaviour=ignore, rotatable=false, networkConnectionEnabled=false, chrome={chromedriverVersion=100.0.4896.60 (6a5d10861ce8de5fce22564658033b43cb7de047-refs/branch-heads/4896@{#875}), userDataDir=C:\Users\Swetha\AppData\Local\Temp\scoped_dir6972_1397339792}, takesHeapSnapshot=true, pageLoadStrategy=normal, strictFileInteractability=false, databaseEnabled=false, handlesAlerts=true, version=101.0.4951.67, browserConnectionEnabled=false, proxy={}, nativeEvents=true, locationContextEnabled=true, cssSelectorsEnabled=true, webauthn:virtualAuthenticators=true}]
Session ID: 85516f27118513e6fee772a2f1dbdb8f
at org.openqa.selenium.remote.ErrorHandler.createThrowable(ErrorHandler.java:206)
at org.openqa.selenium.remote.ErrorHandler.throwIfResponseFailed(ErrorHandler.java:158)
at org.openqa.selenium.remote.RemoteWebDriver.execute(RemoteWebDriver.java:678)
at org.openqa.selenium.remote.RemoteWebElement.execute(RemoteWebElement.java:327)
at org.openqa.selenium.remote.RemoteWebElement.click(RemoteWebElement.java:85)
at epicList_Chrome_Account_User.Central_Inventory_Add_Edit_Central_Kitchen.Central_Kitchen_Creation(Central_Inventory_Add_Edit_Central_Kitchen.java:187)
at epicList_Chrome_Account_User.AllClassCalling_Central_Inventory_Account_Level_User.Central_Inventory_Central_Kitchen(AllClassCalling_Central_Inventory_Account_Level_User.java:94)
at java.util.ArrayList.forEach(ArrayList.java:1257)
... Removed 30 stack frames]]>
    </failure>
  </testcase> <!-- Central_Inventory_Central_Kitchen -->
  <testcase name="Central_Inventory_Central_Inventory_Menu_Configuration" time="18.152" classname="epicList_Chrome_Account_User.AllClassCalling_Central_Inventory_Account_Level_User">
    <failure type="org.openqa.selenium.WebDriverException" message="element click intercepted: Element &amp;lt;a class=&amp;quot;chosen-single chosen-default&amp;quot; tabindex=&amp;quot;-1&amp;quot;&amp;gt;...&amp;lt;/a&amp;gt; is not clickable at point (374, 133). Other element would receive the click: &amp;lt;div class=&amp;quot;modal-content&amp;quot; uib-modal-transclude=&amp;quot;&amp;quot;&amp;gt;...&amp;lt;/div&amp;gt;
  (Session info: chrome=101.0.4951.67)
  (Driver info: chromedriver=100.0.4896.60 (6a5d10861ce8de5fce22564658033b43cb7de047-refs/branch-heads/4896@{#875}),platform=Windows NT 6.3.9600 x86_64) (WARNING: The server did not provide any stacktrace information)
Command duration or timeout: 1.06 seconds
Build info: version: &amp;apos;2.53.1&amp;apos;, revision: &amp;apos;a36b8b1cd5757287168e54b817830adce9b0158d&amp;apos;, time: &amp;apos;2016-06-30 19:26:09&amp;apos;
System info: host: &amp;apos;developerpc-11&amp;apos;, ip: &amp;apos;10.10.180.39&amp;apos;, os.name: &amp;apos;Windows 8.1&amp;apos;, os.arch: &amp;apos;amd64&amp;apos;, os.version: &amp;apos;6.3&amp;apos;, java.version: &amp;apos;1.8.0_172&amp;apos;
Driver info: org.openqa.selenium.chrome.ChromeDriver
Capabilities [{mobileEmulationEnabled=false, timeouts={implicit=0, pageLoad=300000, script=30000}, hasTouchScreen=false, platform=XP, acceptSslCerts=false, goog:chromeOptions={debuggerAddress=localhost:61102}, webauthn:extension:credBlob=true, acceptInsecureCerts=false, webStorageEnabled=true, browserName=chrome, takesScreenshot=true, javascriptEnabled=true, setWindowRect=true, webauthn:extension:largeBlob=true, unexpectedAlertBehaviour=ignore, rotatable=false, networkConnectionEnabled=false, chrome={chromedriverVersion=100.0.4896.60 (6a5d10861ce8de5fce22564658033b43cb7de047-refs/branch-heads/4896@{#875}), userDataDir=C:\Users\Swetha\AppData\Local\Temp\scoped_dir6972_1397339792}, takesHeapSnapshot=true, pageLoadStrategy=normal, strictFileInteractability=false, databaseEnabled=false, handlesAlerts=true, version=101.0.4951.67, browserConnectionEnabled=false, proxy={}, nativeEvents=true, locationContextEnabled=true, cssSelectorsEnabled=true, webauthn:virtualAuthenticators=true}]
Session ID: 85516f27118513e6fee772a2f1dbdb8f">
      <![CDATA[org.openqa.selenium.WebDriverException: element click intercepted: Element <a class="chosen-single chosen-default" tabindex="-1">...</a> is not clickable at point (374, 133). Other element would receive the click: <div class="modal-content" uib-modal-transclude="">...</div>
  (Session info: chrome=101.0.4951.67)
  (Driver info: chromedriver=100.0.4896.60 (6a5d10861ce8de5fce22564658033b43cb7de047-refs/branch-heads/4896@{#875}),platform=Windows NT 6.3.9600 x86_64) (WARNING: The server did not provide any stacktrace information)
Command duration or timeout: 1.06 seconds
Build info: version: '2.53.1', revision: 'a36b8b1cd5757287168e54b817830adce9b0158d', time: '2016-06-30 19:26:09'
System info: host: 'developerpc-11', ip: '10.10.180.39', os.name: 'Windows 8.1', os.arch: 'amd64', os.version: '6.3', java.version: '1.8.0_172'
Driver info: org.openqa.selenium.chrome.ChromeDriver
Capabilities [{mobileEmulationEnabled=false, timeouts={implicit=0, pageLoad=300000, script=30000}, hasTouchScreen=false, platform=XP, acceptSslCerts=false, goog:chromeOptions={debuggerAddress=localhost:61102}, webauthn:extension:credBlob=true, acceptInsecureCerts=false, webStorageEnabled=true, browserName=chrome, takesScreenshot=true, javascriptEnabled=true, setWindowRect=true, webauthn:extension:largeBlob=true, unexpectedAlertBehaviour=ignore, rotatable=false, networkConnectionEnabled=false, chrome={chromedriverVersion=100.0.4896.60 (6a5d10861ce8de5fce22564658033b43cb7de047-refs/branch-heads/4896@{#875}), userDataDir=C:\Users\Swetha\AppData\Local\Temp\scoped_dir6972_1397339792}, takesHeapSnapshot=true, pageLoadStrategy=normal, strictFileInteractability=false, databaseEnabled=false, handlesAlerts=true, version=101.0.4951.67, browserConnectionEnabled=false, proxy={}, nativeEvents=true, locationContextEnabled=true, cssSelectorsEnabled=true, webauthn:virtualAuthenticators=true}]
Session ID: 85516f27118513e6fee772a2f1dbdb8f
at org.openqa.selenium.remote.ErrorHandler.createThrowable(ErrorHandler.java:206)
at org.openqa.selenium.remote.ErrorHandler.throwIfResponseFailed(ErrorHandler.java:158)
at org.openqa.selenium.remote.RemoteWebDriver.execute(RemoteWebDriver.java:678)
at org.openqa.selenium.remote.RemoteWebElement.execute(RemoteWebElement.java:327)
at org.openqa.selenium.remote.RemoteWebElement.click(RemoteWebElement.java:85)
at epicList_Chrome_Account_User.Central_Inventory_MenuConfiguration.Inventory_MenuConfiguration_Store_option(Central_Inventory_MenuConfiguration.java:187)
at epicList_Chrome_Account_User.AllClassCalling_Central_Inventory_Account_Level_User.Central_Inventory_Central_Inventory_Menu_Configuration(AllClassCalling_Central_Inventory_Account_Level_User.java:105)
at java.util.ArrayList.forEach(ArrayList.java:1257)
... Removed 30 stack frames]]>
    </failure>
  </testcase> <!-- Central_Inventory_Central_Inventory_Menu_Configuration -->
  <testcase name="Central_Inventory_Transfer_Request" time="21.111" classname="epicList_Chrome_Account_User.AllClassCalling_Central_Inventory_Account_Level_User">
    <failure type="org.openqa.selenium.WebDriverException" message="element click intercepted: Element &amp;lt;a class=&amp;quot;btn btn-md btn-border btn-refresh&amp;quot; ng-click=&amp;quot;getTransferRequests()&amp;quot;&amp;gt;...&amp;lt;/a&amp;gt; is not clickable at point (1176, 79). Other element would receive the click: &amp;lt;div uib-modal-window=&amp;quot;modal-window&amp;quot; class=&amp;quot;modal fade ng-scope ng-isolate-scope in&amp;quot; role=&amp;quot;dialog&amp;quot; index=&amp;quot;0&amp;quot; animate=&amp;quot;animate&amp;quot; ng-style=&amp;quot;{&amp;apos;z-index&amp;apos;: 1050 + $$topModalIndex*10, display: &amp;apos;block&amp;apos;}&amp;quot; tabindex=&amp;quot;-1&amp;quot; uib-modal-animation-class=&amp;quot;fade&amp;quot; modal-in-class=&amp;quot;in&amp;quot; modal-animation=&amp;quot;true&amp;quot; style=&amp;quot;z-index: 1050; display: block;&amp;quot;&amp;gt;...&amp;lt;/div&amp;gt;
  (Session info: chrome=101.0.4951.67)
  (Driver info: chromedriver=100.0.4896.60 (6a5d10861ce8de5fce22564658033b43cb7de047-refs/branch-heads/4896@{#875}),platform=Windows NT 6.3.9600 x86_64) (WARNING: The server did not provide any stacktrace information)
Command duration or timeout: 1.08 seconds
Build info: version: &amp;apos;2.53.1&amp;apos;, revision: &amp;apos;a36b8b1cd5757287168e54b817830adce9b0158d&amp;apos;, time: &amp;apos;2016-06-30 19:26:09&amp;apos;
System info: host: &amp;apos;developerpc-11&amp;apos;, ip: &amp;apos;10.10.180.39&amp;apos;, os.name: &amp;apos;Windows 8.1&amp;apos;, os.arch: &amp;apos;amd64&amp;apos;, os.version: &amp;apos;6.3&amp;apos;, java.version: &amp;apos;1.8.0_172&amp;apos;
Driver info: org.openqa.selenium.chrome.ChromeDriver
Capabilities [{mobileEmulationEnabled=false, timeouts={implicit=0, pageLoad=300000, script=30000}, hasTouchScreen=false, platform=XP, acceptSslCerts=false, goog:chromeOptions={debuggerAddress=localhost:61102}, webauthn:extension:credBlob=true, acceptInsecureCerts=false, webStorageEnabled=true, browserName=chrome, takesScreenshot=true, javascriptEnabled=true, setWindowRect=true, webauthn:extension:largeBlob=true, unexpectedAlertBehaviour=ignore, rotatable=false, networkConnectionEnabled=false, chrome={chromedriverVersion=100.0.4896.60 (6a5d10861ce8de5fce22564658033b43cb7de047-refs/branch-heads/4896@{#875}), userDataDir=C:\Users\Swetha\AppData\Local\Temp\scoped_dir6972_1397339792}, takesHeapSnapshot=true, pageLoadStrategy=normal, strictFileInteractability=false, databaseEnabled=false, handlesAlerts=true, version=101.0.4951.67, browserConnectionEnabled=false, proxy={}, nativeEvents=true, locationContextEnabled=true, cssSelectorsEnabled=true, webauthn:virtualAuthenticators=true}]
Session ID: 85516f27118513e6fee772a2f1dbdb8f">
      <![CDATA[org.openqa.selenium.WebDriverException: element click intercepted: Element <a class="btn btn-md btn-border btn-refresh" ng-click="getTransferRequests()">...</a> is not clickable at point (1176, 79). Other element would receive the click: <div uib-modal-window="modal-window" class="modal fade ng-scope ng-isolate-scope in" role="dialog" index="0" animate="animate" ng-style="{'z-index': 1050 + $$topModalIndex*10, display: 'block'}" tabindex="-1" uib-modal-animation-class="fade" modal-in-class="in" modal-animation="true" style="z-index: 1050; display: block;">...</div>
  (Session info: chrome=101.0.4951.67)
  (Driver info: chromedriver=100.0.4896.60 (6a5d10861ce8de5fce22564658033b43cb7de047-refs/branch-heads/4896@{#875}),platform=Windows NT 6.3.9600 x86_64) (WARNING: The server did not provide any stacktrace information)
Command duration or timeout: 1.08 seconds
Build info: version: '2.53.1', revision: 'a36b8b1cd5757287168e54b817830adce9b0158d', time: '2016-06-30 19:26:09'
System info: host: 'developerpc-11', ip: '10.10.180.39', os.name: 'Windows 8.1', os.arch: 'amd64', os.version: '6.3', java.version: '1.8.0_172'
Driver info: org.openqa.selenium.chrome.ChromeDriver
Capabilities [{mobileEmulationEnabled=false, timeouts={implicit=0, pageLoad=300000, script=30000}, hasTouchScreen=false, platform=XP, acceptSslCerts=false, goog:chromeOptions={debuggerAddress=localhost:61102}, webauthn:extension:credBlob=true, acceptInsecureCerts=false, webStorageEnabled=true, browserName=chrome, takesScreenshot=true, javascriptEnabled=true, setWindowRect=true, webauthn:extension:largeBlob=true, unexpectedAlertBehaviour=ignore, rotatable=false, networkConnectionEnabled=false, chrome={chromedriverVersion=100.0.4896.60 (6a5d10861ce8de5fce22564658033b43cb7de047-refs/branch-heads/4896@{#875}), userDataDir=C:\Users\Swetha\AppData\Local\Temp\scoped_dir6972_1397339792}, takesHeapSnapshot=true, pageLoadStrategy=normal, strictFileInteractability=false, databaseEnabled=false, handlesAlerts=true, version=101.0.4951.67, browserConnectionEnabled=false, proxy={}, nativeEvents=true, locationContextEnabled=true, cssSelectorsEnabled=true, webauthn:virtualAuthenticators=true}]
Session ID: 85516f27118513e6fee772a2f1dbdb8f
at org.openqa.selenium.remote.ErrorHandler.createThrowable(ErrorHandler.java:206)
at org.openqa.selenium.remote.ErrorHandler.throwIfResponseFailed(ErrorHandler.java:158)
at org.openqa.selenium.remote.RemoteWebDriver.execute(RemoteWebDriver.java:678)
at org.openqa.selenium.remote.RemoteWebElement.execute(RemoteWebElement.java:327)
at org.openqa.selenium.remote.RemoteWebElement.click(RemoteWebElement.java:85)
at epicList_Chrome_Account_User.Central_Inventory_Add_Edit_Transfer_Request.Central_Transfer_Request_Cancle(Central_Inventory_Add_Edit_Transfer_Request.java:184)
at epicList_Chrome_Account_User.AllClassCalling_Central_Inventory_Account_Level_User.Central_Inventory_Transfer_Request(AllClassCalling_Central_Inventory_Account_Level_User.java:118)
at java.util.ArrayList.forEach(ArrayList.java:1257)
... Removed 30 stack frames]]>
    </failure>
  </testcase> <!-- Central_Inventory_Transfer_Request -->
  <testcase name="Central_Inventory_Sync_Inventory" time="14.177" classname="epicList_Chrome_Account_User.AllClassCalling_Central_Inventory_Account_Level_User">
    <failure type="org.openqa.selenium.WebDriverException" message="element click intercepted: Element &amp;lt;button class=&amp;quot;btn btn-primary&amp;quot; ng-click=&amp;quot;syncToInventory()&amp;quot;&amp;gt;...&amp;lt;/button&amp;gt; is not clickable at point (396, 271). Other element would receive the click: &amp;lt;h3 style=&amp;quot;text-align:center;margin-top:10px;margin-bottom:5px;&amp;quot; class=&amp;quot;ng-binding&amp;quot;&amp;gt;...&amp;lt;/h3&amp;gt;
  (Session info: chrome=101.0.4951.67)
  (Driver info: chromedriver=100.0.4896.60 (6a5d10861ce8de5fce22564658033b43cb7de047-refs/branch-heads/4896@{#875}),platform=Windows NT 6.3.9600 x86_64) (WARNING: The server did not provide any stacktrace information)
Command duration or timeout: 1.12 seconds
Build info: version: &amp;apos;2.53.1&amp;apos;, revision: &amp;apos;a36b8b1cd5757287168e54b817830adce9b0158d&amp;apos;, time: &amp;apos;2016-06-30 19:26:09&amp;apos;
System info: host: &amp;apos;developerpc-11&amp;apos;, ip: &amp;apos;10.10.180.39&amp;apos;, os.name: &amp;apos;Windows 8.1&amp;apos;, os.arch: &amp;apos;amd64&amp;apos;, os.version: &amp;apos;6.3&amp;apos;, java.version: &amp;apos;1.8.0_172&amp;apos;
Driver info: org.openqa.selenium.chrome.ChromeDriver
Capabilities [{mobileEmulationEnabled=false, timeouts={implicit=0, pageLoad=300000, script=30000}, hasTouchScreen=false, platform=XP, acceptSslCerts=false, goog:chromeOptions={debuggerAddress=localhost:61102}, webauthn:extension:credBlob=true, acceptInsecureCerts=false, webStorageEnabled=true, browserName=chrome, takesScreenshot=true, javascriptEnabled=true, setWindowRect=true, webauthn:extension:largeBlob=true, unexpectedAlertBehaviour=ignore, rotatable=false, networkConnectionEnabled=false, chrome={chromedriverVersion=100.0.4896.60 (6a5d10861ce8de5fce22564658033b43cb7de047-refs/branch-heads/4896@{#875}), userDataDir=C:\Users\Swetha\AppData\Local\Temp\scoped_dir6972_1397339792}, takesHeapSnapshot=true, pageLoadStrategy=normal, strictFileInteractability=false, databaseEnabled=false, handlesAlerts=true, version=101.0.4951.67, browserConnectionEnabled=false, proxy={}, nativeEvents=true, locationContextEnabled=true, cssSelectorsEnabled=true, webauthn:virtualAuthenticators=true}]
Session ID: 85516f27118513e6fee772a2f1dbdb8f">
      <![CDATA[org.openqa.selenium.WebDriverException: element click intercepted: Element <button class="btn btn-primary" ng-click="syncToInventory()">...</button> is not clickable at point (396, 271). Other element would receive the click: <h3 style="text-align:center;margin-top:10px;margin-bottom:5px;" class="ng-binding">...</h3>
  (Session info: chrome=101.0.4951.67)
  (Driver info: chromedriver=100.0.4896.60 (6a5d10861ce8de5fce22564658033b43cb7de047-refs/branch-heads/4896@{#875}),platform=Windows NT 6.3.9600 x86_64) (WARNING: The server did not provide any stacktrace information)
Command duration or timeout: 1.12 seconds
Build info: version: '2.53.1', revision: 'a36b8b1cd5757287168e54b817830adce9b0158d', time: '2016-06-30 19:26:09'
System info: host: 'developerpc-11', ip: '10.10.180.39', os.name: 'Windows 8.1', os.arch: 'amd64', os.version: '6.3', java.version: '1.8.0_172'
Driver info: org.openqa.selenium.chrome.ChromeDriver
Capabilities [{mobileEmulationEnabled=false, timeouts={implicit=0, pageLoad=300000, script=30000}, hasTouchScreen=false, platform=XP, acceptSslCerts=false, goog:chromeOptions={debuggerAddress=localhost:61102}, webauthn:extension:credBlob=true, acceptInsecureCerts=false, webStorageEnabled=true, browserName=chrome, takesScreenshot=true, javascriptEnabled=true, setWindowRect=true, webauthn:extension:largeBlob=true, unexpectedAlertBehaviour=ignore, rotatable=false, networkConnectionEnabled=false, chrome={chromedriverVersion=100.0.4896.60 (6a5d10861ce8de5fce22564658033b43cb7de047-refs/branch-heads/4896@{#875}), userDataDir=C:\Users\Swetha\AppData\Local\Temp\scoped_dir6972_1397339792}, takesHeapSnapshot=true, pageLoadStrategy=normal, strictFileInteractability=false, databaseEnabled=false, handlesAlerts=true, version=101.0.4951.67, browserConnectionEnabled=false, proxy={}, nativeEvents=true, locationContextEnabled=true, cssSelectorsEnabled=true, webauthn:virtualAuthenticators=true}]
Session ID: 85516f27118513e6fee772a2f1dbdb8f
at org.openqa.selenium.remote.ErrorHandler.createThrowable(ErrorHandler.java:206)
at org.openqa.selenium.remote.ErrorHandler.throwIfResponseFailed(ErrorHandler.java:158)
at org.openqa.selenium.remote.RemoteWebDriver.execute(RemoteWebDriver.java:678)
at org.openqa.selenium.remote.RemoteWebElement.execute(RemoteWebElement.java:327)
at org.openqa.selenium.remote.RemoteWebElement.click(RemoteWebElement.java:85)
at epicList_Chrome_Account_User.Central_Inventory_Sync_Inventory.Central_Sync_Inventory_update(Central_Inventory_Sync_Inventory.java:185)
at epicList_Chrome_Account_User.AllClassCalling_Central_Inventory_Account_Level_User.Central_Inventory_Sync_Inventory(AllClassCalling_Central_Inventory_Account_Level_User.java:128)
at java.util.ArrayList.forEach(ArrayList.java:1257)
... Removed 30 stack frames]]>
    </failure>
  </testcase> <!-- Central_Inventory_Sync_Inventory -->
  <testcase name="End_Central_Inventory" time="0.001" classname="epicList_Chrome_Account_User.AllClassCalling_Central_Inventory_Account_Level_User"/>
  <testcase name="logout" time="1.306" classname="epicList_Chrome_Account_User.AllClassCalling_Central_Inventory_Account_Level_User">
    <failure type="org.openqa.selenium.WebDriverException" message="element click intercepted: Element &amp;lt;a href=&amp;quot;&amp;quot; ng-click=&amp;quot;logout()&amp;quot;&amp;gt;...&amp;lt;/a&amp;gt; is not clickable at point (191, 56). Other element would receive the click: &amp;lt;div uib-modal-window=&amp;quot;modal-window&amp;quot; class=&amp;quot;modal fade ng-scope ng-isolate-scope in&amp;quot; role=&amp;quot;dialog&amp;quot; index=&amp;quot;0&amp;quot; animate=&amp;quot;animate&amp;quot; ng-style=&amp;quot;{&amp;apos;z-index&amp;apos;: 1050 + $$topModalIndex*10, display: &amp;apos;block&amp;apos;}&amp;quot; tabindex=&amp;quot;-1&amp;quot; uib-modal-animation-class=&amp;quot;fade&amp;quot; modal-in-class=&amp;quot;in&amp;quot; modal-animation=&amp;quot;true&amp;quot; style=&amp;quot;z-index: 1050; display: block;&amp;quot;&amp;gt;...&amp;lt;/div&amp;gt;
  (Session info: chrome=101.0.4951.67)
  (Driver info: chromedriver=100.0.4896.60 (6a5d10861ce8de5fce22564658033b43cb7de047-refs/branch-heads/4896@{#875}),platform=Windows NT 6.3.9600 x86_64) (WARNING: The server did not provide any stacktrace information)
Command duration or timeout: 1.09 seconds
Build info: version: &amp;apos;2.53.1&amp;apos;, revision: &amp;apos;a36b8b1cd5757287168e54b817830adce9b0158d&amp;apos;, time: &amp;apos;2016-06-30 19:26:09&amp;apos;
System info: host: &amp;apos;developerpc-11&amp;apos;, ip: &amp;apos;10.10.180.39&amp;apos;, os.name: &amp;apos;Windows 8.1&amp;apos;, os.arch: &amp;apos;amd64&amp;apos;, os.version: &amp;apos;6.3&amp;apos;, java.version: &amp;apos;1.8.0_172&amp;apos;
Driver info: org.openqa.selenium.chrome.ChromeDriver
Capabilities [{mobileEmulationEnabled=false, timeouts={implicit=0, pageLoad=300000, script=30000}, hasTouchScreen=false, platform=XP, acceptSslCerts=false, goog:chromeOptions={debuggerAddress=localhost:61102}, webauthn:extension:credBlob=true, acceptInsecureCerts=false, webStorageEnabled=true, browserName=chrome, takesScreenshot=true, javascriptEnabled=true, setWindowRect=true, webauthn:extension:largeBlob=true, unexpectedAlertBehaviour=ignore, rotatable=false, networkConnectionEnabled=false, chrome={chromedriverVersion=100.0.4896.60 (6a5d10861ce8de5fce22564658033b43cb7de047-refs/branch-heads/4896@{#875}), userDataDir=C:\Users\Swetha\AppData\Local\Temp\scoped_dir6972_1397339792}, takesHeapSnapshot=true, pageLoadStrategy=normal, strictFileInteractability=false, databaseEnabled=false, handlesAlerts=true, version=101.0.4951.67, browserConnectionEnabled=false, proxy={}, nativeEvents=true, locationContextEnabled=true, cssSelectorsEnabled=true, webauthn:virtualAuthenticators=true}]
Session ID: 85516f27118513e6fee772a2f1dbdb8f">
      <![CDATA[org.openqa.selenium.WebDriverException: element click intercepted: Element <a href="" ng-click="logout()">...</a> is not clickable at point (191, 56). Other element would receive the click: <div uib-modal-window="modal-window" class="modal fade ng-scope ng-isolate-scope in" role="dialog" index="0" animate="animate" ng-style="{'z-index': 1050 + $$topModalIndex*10, display: 'block'}" tabindex="-1" uib-modal-animation-class="fade" modal-in-class="in" modal-animation="true" style="z-index: 1050; display: block;">...</div>
  (Session info: chrome=101.0.4951.67)
  (Driver info: chromedriver=100.0.4896.60 (6a5d10861ce8de5fce22564658033b43cb7de047-refs/branch-heads/4896@{#875}),platform=Windows NT 6.3.9600 x86_64) (WARNING: The server did not provide any stacktrace information)
Command duration or timeout: 1.09 seconds
Build info: version: '2.53.1', revision: 'a36b8b1cd5757287168e54b817830adce9b0158d', time: '2016-06-30 19:26:09'
System info: host: 'developerpc-11', ip: '10.10.180.39', os.name: 'Windows 8.1', os.arch: 'amd64', os.version: '6.3', java.version: '1.8.0_172'
Driver info: org.openqa.selenium.chrome.ChromeDriver
Capabilities [{mobileEmulationEnabled=false, timeouts={implicit=0, pageLoad=300000, script=30000}, hasTouchScreen=false, platform=XP, acceptSslCerts=false, goog:chromeOptions={debuggerAddress=localhost:61102}, webauthn:extension:credBlob=true, acceptInsecureCerts=false, webStorageEnabled=true, browserName=chrome, takesScreenshot=true, javascriptEnabled=true, setWindowRect=true, webauthn:extension:largeBlob=true, unexpectedAlertBehaviour=ignore, rotatable=false, networkConnectionEnabled=false, chrome={chromedriverVersion=100.0.4896.60 (6a5d10861ce8de5fce22564658033b43cb7de047-refs/branch-heads/4896@{#875}), userDataDir=C:\Users\Swetha\AppData\Local\Temp\scoped_dir6972_1397339792}, takesHeapSnapshot=true, pageLoadStrategy=normal, strictFileInteractability=false, databaseEnabled=false, handlesAlerts=true, version=101.0.4951.67, browserConnectionEnabled=false, proxy={}, nativeEvents=true, locationContextEnabled=true, cssSelectorsEnabled=true, webauthn:virtualAuthenticators=true}]
Session ID: 85516f27118513e6fee772a2f1dbdb8f
at org.openqa.selenium.remote.ErrorHandler.createThrowable(ErrorHandler.java:206)
at org.openqa.selenium.remote.ErrorHandler.throwIfResponseFailed(ErrorHandler.java:158)
at org.openqa.selenium.remote.RemoteWebDriver.execute(RemoteWebDriver.java:678)
at org.openqa.selenium.remote.RemoteWebElement.execute(RemoteWebElement.java:327)
at org.openqa.selenium.remote.RemoteWebElement.click(RemoteWebElement.java:85)
at epicList_Chrome_Account_User.Browser_Account_Level_User.Logout(Browser_Account_Level_User.java:268)
at epicList_Chrome_Account_User.AllClassCalling_Central_Inventory_Account_Level_User.logout(AllClassCalling_Central_Inventory_Account_Level_User.java:68)
at java.util.ArrayList.forEach(ArrayList.java:1257)
... Removed 30 stack frames]]>
    </failure>
  </testcase> <!-- logout -->
</testsuite> <!-- Central Inventory Account User Level -->
